2023-08-09 18:54:31 +0000 [MT] Initial pipeline context: <IDEDistributionProcessingPipelineContext: 0x7ffe9203d110; archive(resolved)="<IDEArchive: 0x7ffe913d21f0>", distributionTask(resolved)="2", distributionDestination(resolved)="1", distributionMethod(resolved)="<IDEDistributionMethodiOSAppStoreDistribution: 0x7ffe91049560>", team(resolved)="<IDEProvisioningBasicTeam: 0x7ffe915d7120; teamID='82Q375NBS9', teamName='(null)'>">
	Chain (15, self inclusive):
	<IDEDistributionProcessingPipelineContext: 0x7ffe9203d110; archive = "<IDEArchive: 0x7ffe913d21f0>", distributionMethod="<IDEDistributionMethodiOSAppStoreDistribution: 0x7ffe91049560>", team="<IDEProvisioningBasicTeam: 0x7ffe915d7120; teamID='82Q375NBS9', teamName='(null)'>">
	<IDEDistributionProcessingPipelineContext: 0x7ffe9203a7d0; archive = "<IDEArchive: 0x7ffe913d21f0>", distributionMethod="<IDEDistributionMethodiOSAppStoreDistribution: 0x7ffe91049560>", team="<IDEProvisioningBasicTeam: 0x7ffe915d7120; teamID='82Q375NBS9', teamName='(null)'>">
	<IDEDistributionContext: 0x7ffe920365f0; archive = "<IDEArchive: 0x7ffe913d21f0>", distributionMethod="<IDEDistributionMethodiOSAppStoreDistribution: 0x7ffe91049560>", team="<IDEProvisioningBasicTeam: 0x7ffe915d7120; teamID='82Q375NBS9', teamName='(null)'>">
	<IDEDistributionContext: 0x7ffe910cb530; archive = "<IDEArchive: 0x7ffe913d21f0>", distributionMethod="<IDEDistributionMethodiOSAppStoreDistribution: 0x7ffe91049560>", team="<IDEProvisioningBasicTeam: 0x7ffe915d7120; teamID='82Q375NBS9', teamName='(null)'>">
	<IDEDistributionContext: 0x7ffe90246f20; archive = "<IDEArchive: 0x7ffe913d21f0>", distributionMethod="<IDEDistributionMethodiOSAppStoreDistribution: 0x7ffe91049560>", team="<IDEProvisioningBasicTeam: 0x7ffe915d7120; teamID='82Q375NBS9', teamName='(null)'>">
	<IDEDistributionContext: 0x7ffe910cb200; archive = "<IDEArchive: 0x7ffe913d21f0>", distributionMethod="<IDEDistributionMethodiOSAppStoreDistribution: 0x7ffe91049560>", team="<IDEProvisioningBasicTeam: 0x7ffe915d7120; teamID='82Q375NBS9', teamName='(null)'>">
	<IDEDistributionContext: 0x7ffe920261f0; archive = "<IDEArchive: 0x7ffe913d21f0>", distributionMethod="<IDEDistributionMethodiOSAppStoreDistribution: 0x7ffe91049560>", team="<IDEProvisioningBasicTeam: 0x7ffe915d7120; teamID='82Q375NBS9', teamName='(null)'>">
	<IDEDistributionContext: 0x7ffe920209f0; archive = "<IDEArchive: 0x7ffe913d21f0>", distributionMethod="<IDEDistributionMethodiOSAppStoreDistribution: 0x7ffe91049560>", team="<IDEProvisioningBasicTeam: 0x7ffe915d7120; teamID='82Q375NBS9', teamName='(null)'>">
	<IDEDistributionContext: 0x7ffe9174b8f0; archive = "<IDEArchive: 0x7ffe913d21f0>", distributionMethod="<IDEDistributionMethodiOSAppStoreDistribution: 0x7ffe91049560>", team="<IDEProvisioningBasicTeam: 0x7ffe915d7120; teamID='82Q375NBS9', teamName='(null)'>">
	<IDEDistributionContext: 0x7ffe92020430; archive = "<IDEArchive: 0x7ffe913d21f0>", distributionMethod="<IDEDistributionMethodiOSAppStoreDistribution: 0x7ffe91049560>", team="<IDEProvisioningBasicTeam: 0x7ffe915d7120; teamID='82Q375NBS9', teamName='(null)'>">
	<IDEDistributionContext: 0x7ffe915e7930; archive = "<IDEArchive: 0x7ffe913d21f0>", distributionMethod="<IDEDistributionMethodiOSAppStoreDistribution: 0x7ffe91049560>", team="<IDEProvisioningBasicTeam: 0x7ffe915d7120; teamID='82Q375NBS9', teamName='(null)'>">
	<IDEDistributionContext: 0x7ffe915e6b80; archive = "<IDEArchive: 0x7ffe913d21f0>", distributionMethod="<IDEDistributionMethodiOSAppStoreDistribution: 0x7ffe91049560>", team="<IDEProvisioningBasicTeam: 0x7ffe915d7120; teamID='82Q375NBS9', teamName='(null)'>">
	<IDEDistributionContext: 0x7ffe913fa690; archive = "<IDEArchive: 0x7ffe913d21f0>", distributionMethod="<IDEDistributionMethodiOSAppStoreDistribution: 0x7ffe91049560>", team="<IDEProvisioningBasicTeam: 0x7ffe915d7120; teamID='82Q375NBS9', teamName='(null)'>">
	<IDEDistributionContext: 0x7ffe9105a020; archive = "<IDEArchive: 0x7ffe913d21f0>", distributionMethod="<IDEDistributionMethodiOSAppStoreDistribution: 0x7ffe91049560>", team="(null)">
	<IDEDistributionContext: 0x7ffe913d25f0; archive = "<IDEArchive: 0x7ffe913d21f0>", distributionMethod="(null)", team="(null)">
</IDEDistributionProcessingPipelineContext: 0x7ffe9203d110>
2023-08-09 18:54:31 +0000 [MT] Processing step: IDEDistributionCreateDestRootStep
2023-08-09 18:54:31 +0000 [MT] Processing step: IDEDistributionCopyItemStep
2023-08-09 18:54:31 +0000 [MT] Running /usr/bin/ditto '-V' '/Users/mio/Documents/GitHub/NES_EMU/output/NES_EMU.xcarchive/Products/Applications/NES_EMU.app' '/var/folders/8d/6248kkgn015gz2_9v0fnz7jw0000gn/T/XcodeDistPipeline.~~~HNFNZZ/Root/Payload/NES_EMU.app'
2023-08-09 18:54:31 +0000  >>> Copying /Users/mio/Documents/GitHub/NES_EMU/output/NES_EMU.xcarchive/Products/Applications/NES_EMU.app 
2023-08-09 18:54:31 +0000  copying file ./_CodeSignature/CodeResources ... 
2023-08-09 18:54:31 +0000  10115 bytes for ./_CodeSignature/CodeResources
2023-08-09 18:54:31 +0000  copying file ./Icon-App-76x76@2x.png ... 
2023-08-09 18:54:31 +0000  32148 bytes for ./Icon-App-76x76@2x.png
2023-08-09 18:54:31 +0000  copying file ./Icon-App-29x29@1x.png ... 
2023-08-09 18:54:31 +0000  2007 bytes for ./Icon-App-29x29@1x.png
copying file ./NES_EMU ... 
2023-08-09 18:54:31 +0000  2162256 bytes for ./NES_EMU
copying file ./Icon-App-40x40@1x.png ... 
2023-08-09 18:54:31 +0000  3334 bytes for ./Icon-App-40x40@1x.png
copying file ./AppIcon60x60@2x.png ... 
21360 bytes for ./AppIcon60x60@2x.png
2023-08-09 18:54:31 +0000  copying file ./Icon-App-20x20@1x.png ... 
2023-08-09 18:54:31 +0000  1154 bytes for ./Icon-App-20x20@1x.png
2023-08-09 18:54:31 +0000  copying file ./Roms.bundle/Donkey Kong.nes ... 
2023-08-09 18:54:31 +0000  24592 bytes for ./Roms.bundle/Donkey Kong.nes
2023-08-09 18:54:31 +0000  copying file ./Roms.bundle/Super Mario Bros. (Japan, USA).nes ... 
2023-08-09 18:54:31 +0000  40976 bytes for ./Roms.bundle/Super Mario Bros. (Japan, USA).nes
2023-08-09 18:54:31 +0000  copying file ./Roms.bundle/Ice Climber (Japan).nes ... 
2023-08-09 18:54:31 +0000  24592 bytes for ./Roms.bundle/Ice Climber (Japan).nes
2023-08-09 18:54:31 +0000  copying file ./Roms.bundle/Donkey Kong (Japan).nes ... 
2023-08-09 18:54:31 +0000  24592 bytes for ./Roms.bundle/Donkey Kong (Japan).nes
copying file ./Roms.bundle/mario.nes ... 
2023-08-09 18:54:31 +0000  40976 bytes for ./Roms.bundle/mario.nes
copying file ./Roms.bundle/Super Mario Bros. 3 (USA).nes ... 
2023-08-09 18:54:31 +0000  393232 bytes for ./Roms.bundle/Super Mario Bros. 3 (USA).nes
2023-08-09 18:54:31 +0000  copying file ./Roms.bundle/Donkey Kong (World) (Rev A).nes ... 
2023-08-09 18:54:31 +0000  24592 bytes for ./Roms.bundle/Donkey Kong (World) (Rev A).nes
copying file ./Roms.bundle/Donkey Kong Jr. (USA) (GameCube Edition).nes ... 
2023-08-09 18:54:31 +0000  40976 bytes for ./Roms.bundle/Donkey Kong Jr. (USA) (GameCube Edition).nes
copying file ./Roms.bundle/Donkey Kong 3 (World).nes ... 
2023-08-09 18:54:31 +0000  24592 bytes for ./Roms.bundle/Donkey Kong 3 (World).nes
copying file ./Roms.bundle/Circus Charlie (J) [p1].nes ... 
2023-08-09 18:54:31 +0000  24592 bytes for ./Roms.bundle/Circus Charlie (J) [p1].nes
2023-08-09 18:54:31 +0000  copying file ./iTunesArtwork@1x.png ... 
2023-08-09 18:54:31 +0000  390519 bytes for ./iTunesArtwork@1x.png
2023-08-09 18:54:31 +0000  copying file ./Icon-App-83.5x83.5@2x.png ... 
2023-08-09 18:54:31 +0000  37939 bytes for ./Icon-App-83.5x83.5@2x.png
2023-08-09 18:54:31 +0000  copying file ./76.jpeg ... 
2023-08-09 18:54:31 +0000  3734 bytes for ./76.jpeg
2023-08-09 18:54:31 +0000  copying file ./Icon-App-20x20@3x.png ... 
2023-08-09 18:54:31 +0000  6698 bytes for ./Icon-App-20x20@3x.png
2023-08-09 18:54:31 +0000  copying file ./README.md ... 
2023-08-09 18:54:31 +0000  1003 bytes for ./README.md
2023-08-09 18:54:31 +0000  copying file ./Assets.car ... 
2023-08-09 18:54:31 +0000  448591 bytes for ./Assets.car
2023-08-09 18:54:31 +0000  copying file ./iTunesArtwork@2x.png ... 
2023-08-09 18:54:31 +0000  390519 bytes for ./iTunesArtwork@2x.png
2023-08-09 18:54:31 +0000  copying file ./AppIcon76x76@2x~ipad.png ... 
2023-08-09 18:54:31 +0000  32148 bytes for ./AppIcon76x76@2x~ipad.png
2023-08-09 18:54:31 +0000  copying file ./iTunesArtwork@3x.png ... 
2023-08-09 18:54:31 +0000  390519 bytes for ./iTunesArtwork@3x.png
2023-08-09 18:54:31 +0000  copying file ./Contents.json ... 
2023-08-09 18:54:31 +0000  3136 bytes for ./Contents.json
copying file ./Icon-App-20x20@2x.png ... 
2023-08-09 18:54:31 +0000  3334 bytes for ./Icon-App-20x20@2x.png
2023-08-09 18:54:31 +0000  copying file ./Icon-App-29x29@3x.png ... 
2023-08-09 18:54:31 +0000  12470 bytes for ./Icon-App-29x29@3x.png
2023-08-09 18:54:31 +0000  copying file ./Icon-App-40x40@2x.png ... 
2023-08-09 18:54:31 +0000  10835 bytes for ./Icon-App-40x40@2x.png
copying file ./Icon-App-60x60@3x.png ... 
2023-08-09 18:54:31 +0000  43471 bytes for ./Icon-App-60x60@3x.png
2023-08-09 18:54:31 +0000  copying file ./kaiyu-wang-1024.jpeg ... 
2023-08-09 18:54:31 +0000  151770 bytes for ./kaiyu-wang-1024.jpeg
2023-08-09 18:54:31 +0000  copying file ./embedded.mobileprovision ... 
2023-08-09 18:54:31 +0000  12324 bytes for ./embedded.mobileprovision
copying file ./Icon-App-60x60@2x.png ... 
2023-08-09 18:54:31 +0000  21360 bytes for ./Icon-App-60x60@2x.png
copying file ./Info.plist ... 
2023-08-09 18:54:31 +0000  1357 bytes for ./Info.plist
2023-08-09 18:54:31 +0000  copying file ./Icon-App-76x76@1x.png ... 
2023-08-09 18:54:31 +0000  9953 bytes for ./Icon-App-76x76@1x.png
copying file ./Icon-App-40x40@3x.png ... 
2023-08-09 18:54:31 +0000  21360 bytes for ./Icon-App-40x40@3x.png
copying file ./PkgInfo ... 
2023-08-09 18:54:31 +0000  8 bytes for ./PkgInfo
2023-08-09 18:54:31 +0000  copying file ./Icon-App-29x29@2x.png ... 
2023-08-09 18:54:31 +0000  6233 bytes for ./Icon-App-29x29@2x.png
2023-08-09 18:54:31 +0000 [MT] /usr/bin/ditto exited with 0
2023-08-09 18:54:31 +0000 [MT] Processing step: IDEDistributionEmbedProfileStep
2023-08-09 18:54:31 +0000 [MT] Processing step: IDEDistributionInfoPlistStep
2023-08-09 18:54:31 +0000 [MT] Processing step: IDEDistributionItemRemovalStep
2023-08-09 18:54:31 +0000 [MT] Processing step: IDEDistributionAppThinningPlistStep
2023-08-09 18:54:31 +0000 [MT] Skipping step: IDEDistributionAppThinningPlistStep because it said so
2023-08-09 18:54:31 +0000 [MT] Processing step: IDEDistributionCompileBitcodeStep
2023-08-09 18:54:31 +0000 [MT] Skipping step: IDEDistributionCompileBitcodeStep because it said so
2023-08-09 18:54:31 +0000 [MT] Processing step: IDEDistributionCodeSlimmingStep
2023-08-09 18:54:31 +0000 [MT] Running /Applications/Xcode.app/Contents/Developer/Toolchains/XcodeDefault.xctoolchain/usr/bin/bitcode_strip '/var/folders/8d/6248kkgn015gz2_9v0fnz7jw0000gn/T/XcodeDistPipeline.~~~HNFNZZ/Root/Payload/NES_EMU.app/NES_EMU' '-l' '-keep_cs' '-o' '/var/folders/8d/6248kkgn015gz2_9v0fnz7jw0000gn/T/XcodeDistPipeline.~~~HNFNZZ/Root/Payload/NES_EMU.app/NES_EMU'
2023-08-09 18:54:31 +0000 [MT] /Applications/Xcode.app/Contents/Developer/Toolchains/XcodeDefault.xctoolchain/usr/bin/bitcode_strip exited with 0
2023-08-09 18:54:31 +0000 [MT] Processing step: IDEDistributionCopyBCSymbolMapsStep
2023-08-09 18:54:31 +0000 [MT] Running /usr/bin/ditto '-V' '/Users/mio/Documents/GitHub/NES_EMU/output/NES_EMU.xcarchive/BCSymbolMaps/F8C0E6B0-0DCE-392F-9B7F-331C23637708.bcsymbolmap' '/var/folders/8d/6248kkgn015gz2_9v0fnz7jw0000gn/T/XcodeDistPipeline.~~~HNFNZZ/Root/BCSymbolMaps/F8C0E6B0-0DCE-392F-9B7F-331C23637708.bcsymbolmap'
2023-08-09 18:54:31 +0000  >>> Copying /Users/mio/Documents/GitHub/NES_EMU/output/NES_EMU.xcarchive/BCSymbolMaps/F8C0E6B0-0DCE-392F-9B7F-331C23637708.bcsymbolmap 
2023-08-09 18:54:31 +0000  copying file ./F8C0E6B0-0DCE-392F-9B7F-331C23637708.bcsymbolmap ... 
2023-08-09 18:54:31 +0000  213848 bytes for ./F8C0E6B0-0DCE-392F-9B7F-331C23637708.bcsymbolmap
2023-08-09 18:54:31 +0000 [MT] /usr/bin/ditto exited with 0
2023-08-09 18:54:31 +0000 [MT] Processing step: IDEDistributionSymbolsStep
2023-08-09 18:54:31 +0000 [MT] Excluding symbols for NES_EMU.app
2023-08-09 18:54:31 +0000 [MT] Processing step: IDEDistributionCopyAppleProvidedContentStep
2023-08-09 18:54:31 +0000 [MT] Processing step: IDEDistributionAppThinningStep
2023-08-09 18:54:31 +0000 [MT] Skipping step: IDEDistributionAppThinningStep because it said so
2023-08-09 18:54:31 +0000 [MT] Processing step: IDEDistributionArchThinningStep
2023-08-09 18:54:31 +0000 [MT] Running /Applications/Xcode.app/Contents/Developer/Toolchains/XcodeDefault.xctoolchain/usr/bin/lipo '/var/folders/8d/6248kkgn015gz2_9v0fnz7jw0000gn/T/XcodeDistPipeline.~~~HNFNZZ/Root/Payload/NES_EMU.app/NES_EMU' '-verify_arch' 'arm64e'
2023-08-09 18:54:31 +0000 [MT] /Applications/Xcode.app/Contents/Developer/Toolchains/XcodeDefault.xctoolchain/usr/bin/lipo exited with 1
2023-08-09 18:54:31 +0000 [MT] Skipping architecture thinning for item "NES_EMU" because arch "arm64e" wasn't found
2023-08-09 18:54:31 +0000 [MT] Processing step: IDEDistributionODRStep
2023-08-09 18:54:31 +0000 [MT] Processing step: IDEDistributionStripXattrsStep
2023-08-09 18:54:31 +0000 [MT] Running /usr/bin/xattr '-crs' '/var/folders/8d/6248kkgn015gz2_9v0fnz7jw0000gn/T/XcodeDistPipeline.~~~HNFNZZ/Root/Payload/NES_EMU.app'
2023-08-09 18:54:31 +0000 [MT] /usr/bin/xattr exited with 0
2023-08-09 18:54:31 +0000 [MT] Processing step: IDEDistributionCodesignStep
2023-08-09 18:54:31 +0000 [MT] Entitlements for <IDEDistributionItem: 0x7ffe915d4750; bundleID='com.mio.NES-EMU', path='<DVTFilePath:0x7ffe913d1a10:'/Users/mio/Documents/GitHub/NES_EMU/output/NES_EMU.xcarchive/Products/Applications/NES_EMU.app'>', codeSigningInfo='<_DVTCodeSigningInformation_Path: 0x7ffe9170e600; isSigned='1', isAdHocSigned='0', signingCertificate='<DVTSigningCertificate: 0x7ffe9204ee40; name='Apple Development: po hung chen (W7GTL4LJF3)', hash='54E21332377C7B0F8F881E2DC8595E29E775B21E', serialNumber='AD9E21FAFD394D29E0AB8D679FF55DD', certificateKinds='(
    "1.2.840.113635.100.6.1.12",
    "1.2.840.113635.100.6.1.2"
), issueDate='2023-04-24 18:52:13 +0000''>', entitlements='{
    "application-identifier" = "82Q375NBS9.com.mio.NES-EMU";
    "com.apple.developer.team-identifier" = 82Q375NBS9;
    "get-task-allow" = 1;
    "keychain-access-groups" =     (
        "82Q375NBS9.com.mio.NES-EMU"
    );
}', teamID='82Q375NBS9', identifier='com.mio.NES-EMU', executablePath='<DVTFilePath:0x7ffe91631460:'/Users/mio/Documents/GitHub/NES_EMU/output/NES_EMU.xcarchive/Products/Applications/NES_EMU.app/NES_EMU'>', hardenedRuntime='0'>'>: {
    "application-identifier" = "82Q375NBS9.com.mio.NES-EMU";
    "beta-reports-active" = 1;
    "com.apple.developer.team-identifier" = 82Q375NBS9;
    "get-task-allow" = 0;
    "keychain-access-groups" =     (
        "82Q375NBS9.com.mio.NES-EMU"
    );
}
2023-08-09 18:54:31 +0000 [MT] Entitlements for <IDEDistributionItem: 0x7ffe915d4750; bundleID='com.mio.NES-EMU', path='<DVTFilePath:0x7ffe913d1a10:'/Users/mio/Documents/GitHub/NES_EMU/output/NES_EMU.xcarchive/Products/Applications/NES_EMU.app'>', codeSigningInfo='<_DVTCodeSigningInformation_Path: 0x7ffe9170e600; isSigned='1', isAdHocSigned='0', signingCertificate='<DVTSigningCertificate: 0x7ffe920554b0; name='Apple Development: po hung chen (W7GTL4LJF3)', hash='54E21332377C7B0F8F881E2DC8595E29E775B21E', serialNumber='AD9E21FAFD394D29E0AB8D679FF55DD', certificateKinds='(
    "1.2.840.113635.100.6.1.12",
    "1.2.840.113635.100.6.1.2"
), issueDate='2023-04-24 18:52:13 +0000''>', entitlements='{
    "application-identifier" = "82Q375NBS9.com.mio.NES-EMU";
    "com.apple.developer.team-identifier" = 82Q375NBS9;
    "get-task-allow" = 1;
    "keychain-access-groups" =     (
        "82Q375NBS9.com.mio.NES-EMU"
    );
}', teamID='82Q375NBS9', identifier='com.mio.NES-EMU', executablePath='<DVTFilePath:0x7ffe91631460:'/Users/mio/Documents/GitHub/NES_EMU/output/NES_EMU.xcarchive/Products/Applications/NES_EMU.app/NES_EMU'>', hardenedRuntime='0'>'> are: {
    "application-identifier" = "82Q375NBS9.com.mio.NES-EMU";
    "beta-reports-active" = 1;
    "com.apple.developer.team-identifier" = 82Q375NBS9;
    "get-task-allow" = 0;
    "keychain-access-groups" =     (
        "82Q375NBS9.com.mio.NES-EMU"
    );
}
2023-08-09 18:54:31 +0000 [MT] Writing entitlements for <IDEDistributionItem: 0x7ffe915d4750; bundleID='com.mio.NES-EMU', path='<DVTFilePath:0x7ffe913d1a10:'/Users/mio/Documents/GitHub/NES_EMU/output/NES_EMU.xcarchive/Products/Applications/NES_EMU.app'>', codeSigningInfo='<_DVTCodeSigningInformation_Path: 0x7ffe9170e600; isSigned='1', isAdHocSigned='0', signingCertificate='<DVTSigningCertificate: 0x7ffe92059a40; name='Apple Development: po hung chen (W7GTL4LJF3)', hash='54E21332377C7B0F8F881E2DC8595E29E775B21E', serialNumber='AD9E21FAFD394D29E0AB8D679FF55DD', certificateKinds='(
    "1.2.840.113635.100.6.1.12",
    "1.2.840.113635.100.6.1.2"
), issueDate='2023-04-24 18:52:13 +0000''>', entitlements='{
    "application-identifier" = "82Q375NBS9.com.mio.NES-EMU";
    "com.apple.developer.team-identifier" = 82Q375NBS9;
    "get-task-allow" = 1;
    "keychain-access-groups" =     (
        "82Q375NBS9.com.mio.NES-EMU"
    );
}', teamID='82Q375NBS9', identifier='com.mio.NES-EMU', executablePath='<DVTFilePath:0x7ffe91631460:'/Users/mio/Documents/GitHub/NES_EMU/output/NES_EMU.xcarchive/Products/Applications/NES_EMU.app/NES_EMU'>', hardenedRuntime='0'>'> to: /var/folders/8d/6248kkgn015gz2_9v0fnz7jw0000gn/T/XcodeDistPipeline.~~~HNFNZZ/entitlements~~~hK2rqP
2023-08-09 18:54:31 +0000 [MT] Running /usr/bin/codesign '-vvv' '--force' '--sign' '8C80923140C1F252E72F32E69EE296C84FD88861' '--entitlements' '/var/folders/8d/6248kkgn015gz2_9v0fnz7jw0000gn/T/XcodeDistPipeline.~~~HNFNZZ/entitlements~~~hK2rqP' '--generate-entitlement-der' '--preserve-metadata=identifier,flags,runtime' '/var/folders/8d/6248kkgn015gz2_9v0fnz7jw0000gn/T/XcodeDistPipeline.~~~HNFNZZ/Root/Payload/NES_EMU.app'
2023-08-09 18:54:32 +0000  /var/folders/8d/6248kkgn015gz2_9v0fnz7jw0000gn/T/XcodeDistPipeline.~~~HNFNZZ/Root/Payload/NES_EMU.app: replacing existing signature
2023-08-09 18:54:32 +0000  
2023-08-09 18:54:32 +0000  /var/folders/8d/6248kkgn015gz2_9v0fnz7jw0000gn/T/XcodeDistPipeline.~~~HNFNZZ/Root/Payload/NES_EMU.app: signed app bundle with Mach-O thin (arm64) [com.mio.NES-EMU]
2023-08-09 18:54:32 +0000 [MT] /usr/bin/codesign exited with 0
2023-08-09 18:54:32 +0000 [MT] Processing step: IDEDistributionZipODRItemStep
2023-08-09 18:54:32 +0000 [MT] Skipping step: IDEDistributionZipODRItemStep because it said so
2023-08-09 18:54:32 +0000 [MT] Processing step: IDEDistributionCreateIPAStep
2023-08-09 18:54:32 +0000 [MT] Running /usr/bin/ditto '-V' '-c' '-k' '--norsrc' '/var/folders/8d/6248kkgn015gz2_9v0fnz7jw0000gn/T/XcodeDistPipeline.~~~HNFNZZ/Root' '/var/folders/8d/6248kkgn015gz2_9v0fnz7jw0000gn/T/XcodeDistPipeline.~~~HNFNZZ/Packages/NES_EMU.ipa'
2023-08-09 18:54:32 +0000  >>> Copying /var/folders/8d/6248kkgn015gz2_9v0fnz7jw0000gn/T/XcodeDistPipeline.~~~HNFNZZ/Root 
2023-08-09 18:54:32 +0000  copying file ./BCSymbolMaps/F8C0E6B0-0DCE-392F-9B7F-331C23637708.bcsymbolmap ... 
2023-08-09 18:54:32 +0000  213848 bytes for ./BCSymbolMaps/F8C0E6B0-0DCE-392F-9B7F-331C23637708.bcsymbolmap
2023-08-09 18:54:32 +0000  copying file ./Payload/NES_EMU.app/_CodeSignature/CodeResources ... 
2023-08-09 18:54:32 +0000  10115 bytes for ./Payload/NES_EMU.app/_CodeSignature/CodeResources
copying file ./Payload/NES_EMU.app/Icon-App-76x76@2x.png ... 
2023-08-09 18:54:32 +0000  32148 bytes for ./Payload/NES_EMU.app/Icon-App-76x76@2x.png
2023-08-09 18:54:32 +0000  copying file ./Payload/NES_EMU.app/Icon-App-29x29@1x.png ... 
2023-08-09 18:54:32 +0000  2007 bytes for ./Payload/NES_EMU.app/Icon-App-29x29@1x.png
2023-08-09 18:54:32 +0000  copying file ./Payload/NES_EMU.app/NES_EMU ... 
2023-08-09 18:54:32 +0000  1904704 bytes for ./Payload/NES_EMU.app/NES_EMU
2023-08-09 18:54:32 +0000  copying file ./Payload/NES_EMU.app/Icon-App-40x40@1x.png ... 
2023-08-09 18:54:32 +0000  3334 bytes for ./Payload/NES_EMU.app/Icon-App-40x40@1x.png
2023-08-09 18:54:32 +0000  copying file ./Payload/NES_EMU.app/AppIcon60x60@2x.png ... 
2023-08-09 18:54:32 +0000  21360 bytes for ./Payload/NES_EMU.app/AppIcon60x60@2x.png
2023-08-09 18:54:32 +0000  copying file ./Payload/NES_EMU.app/Icon-App-20x20@1x.png ... 
1154 bytes for ./Payload/NES_EMU.app/Icon-App-20x20@1x.png
2023-08-09 18:54:32 +0000  copying file ./Payload/NES_EMU.app/Roms.bundle/Donkey Kong.nes ... 
2023-08-09 18:54:32 +0000  24592 bytes for ./Payload/NES_EMU.app/Roms.bundle/Donkey Kong.nes
2023-08-09 18:54:32 +0000  copying file ./Payload/NES_EMU.app/Roms.bundle/Super Mario Bros. (Japan, USA).nes ... 
2023-08-09 18:54:32 +0000  40976 bytes for ./Payload/NES_EMU.app/Roms.bundle/Super Mario Bros. (Japan, USA).nes
copying file ./Payload/NES_EMU.app/Roms.bundle/Ice Climber (Japan).nes ... 
2023-08-09 18:54:32 +0000  24592 bytes for ./Payload/NES_EMU.app/Roms.bundle/Ice Climber (Japan).nes
2023-08-09 18:54:32 +0000  copying file ./Payload/NES_EMU.app/Roms.bundle/Donkey Kong (Japan).nes ... 
2023-08-09 18:54:32 +0000  24592 bytes for ./Payload/NES_EMU.app/Roms.bundle/Donkey Kong (Japan).nes
2023-08-09 18:54:32 +0000  copying file ./Payload/NES_EMU.app/Roms.bundle/mario.nes ... 
2023-08-09 18:54:32 +0000  40976 bytes for ./Payload/NES_EMU.app/Roms.bundle/mario.nes
2023-08-09 18:54:32 +0000  copying file ./Payload/NES_EMU.app/Roms.bundle/Super Mario Bros. 3 (USA).nes ... 
2023-08-09 18:54:32 +0000  393232 bytes for ./Payload/NES_EMU.app/Roms.bundle/Super Mario Bros. 3 (USA).nes
2023-08-09 18:54:32 +0000  copying file ./Payload/NES_EMU.app/Roms.bundle/Donkey Kong (World) (Rev A).nes ... 
2023-08-09 18:54:32 +0000  24592 bytes for ./Payload/NES_EMU.app/Roms.bundle/Donkey Kong (World) (Rev A).nes
2023-08-09 18:54:32 +0000  copying file ./Payload/NES_EMU.app/Roms.bundle/Donkey Kong Jr. (USA) (GameCube Edition).nes ... 
2023-08-09 18:54:32 +0000  40976 bytes for ./Payload/NES_EMU.app/Roms.bundle/Donkey Kong Jr. (USA) (GameCube Edition).nes
2023-08-09 18:54:32 +0000  copying file ./Payload/NES_EMU.app/Roms.bundle/Donkey Kong 3 (World).nes ... 
2023-08-09 18:54:32 +0000  24592 bytes for ./Payload/NES_EMU.app/Roms.bundle/Donkey Kong 3 (World).nes
2023-08-09 18:54:32 +0000  copying file ./Payload/NES_EMU.app/Roms.bundle/Circus Charlie (J) [p1].nes ... 
2023-08-09 18:54:32 +0000  24592 bytes for ./Payload/NES_EMU.app/Roms.bundle/Circus Charlie (J) [p1].nes
2023-08-09 18:54:32 +0000  copying file ./Payload/NES_EMU.app/iTunesArtwork@1x.png ... 
2023-08-09 18:54:32 +0000  390519 bytes for ./Payload/NES_EMU.app/iTunesArtwork@1x.png
copying file ./Payload/NES_EMU.app/Icon-App-83.5x83.5@2x.png ... 
2023-08-09 18:54:32 +0000  37939 bytes for ./Payload/NES_EMU.app/Icon-App-83.5x83.5@2x.png
copying file ./Payload/NES_EMU.app/76.jpeg ... 
2023-08-09 18:54:32 +0000  3734 bytes for ./Payload/NES_EMU.app/76.jpeg
2023-08-09 18:54:32 +0000  copying file ./Payload/NES_EMU.app/Icon-App-20x20@3x.png ... 
2023-08-09 18:54:32 +0000  6698 bytes for ./Payload/NES_EMU.app/Icon-App-20x20@3x.png
2023-08-09 18:54:32 +0000  copying file ./Payload/NES_EMU.app/README.md ... 
2023-08-09 18:54:32 +0000  1003 bytes for ./Payload/NES_EMU.app/README.md
copying file ./Payload/NES_EMU.app/Assets.car ... 
2023-08-09 18:54:32 +0000  448591 bytes for ./Payload/NES_EMU.app/Assets.car
copying file ./Payload/NES_EMU.app/iTunesArtwork@2x.png ... 
2023-08-09 18:54:32 +0000  390519 bytes for ./Payload/NES_EMU.app/iTunesArtwork@2x.png
2023-08-09 18:54:32 +0000  copying file ./Payload/NES_EMU.app/AppIcon76x76@2x~ipad.png ... 
2023-08-09 18:54:32 +0000  32148 bytes for ./Payload/NES_EMU.app/AppIcon76x76@2x~ipad.png
2023-08-09 18:54:32 +0000  copying file ./Payload/NES_EMU.app/iTunesArtwork@3x.png ... 
2023-08-09 18:54:32 +0000  390519 bytes for ./Payload/NES_EMU.app/iTunesArtwork@3x.png
copying file ./Payload/NES_EMU.app/Contents.json ... 
2023-08-09 18:54:32 +0000  3136 bytes for ./Payload/NES_EMU.app/Contents.json
2023-08-09 18:54:32 +0000  copying file ./Payload/NES_EMU.app/Icon-App-20x20@2x.png ... 
2023-08-09 18:54:32 +0000  3334 bytes for ./Payload/NES_EMU.app/Icon-App-20x20@2x.png
copying file ./Payload/NES_EMU.app/Icon-App-29x29@3x.png ... 
2023-08-09 18:54:32 +0000  12470 bytes for ./Payload/NES_EMU.app/Icon-App-29x29@3x.png
2023-08-09 18:54:32 +0000  copying file ./Payload/NES_EMU.app/Icon-App-40x40@2x.png ... 
2023-08-09 18:54:32 +0000  10835 bytes for ./Payload/NES_EMU.app/Icon-App-40x40@2x.png
2023-08-09 18:54:32 +0000  copying file ./Payload/NES_EMU.app/Icon-App-60x60@3x.png ... 
2023-08-09 18:54:32 +0000  43471 bytes for ./Payload/NES_EMU.app/Icon-App-60x60@3x.png
copying file ./Payload/NES_EMU.app/kaiyu-wang-1024.jpeg ... 
2023-08-09 18:54:32 +0000  151770 bytes for ./Payload/NES_EMU.app/kaiyu-wang-1024.jpeg
copying file ./Payload/NES_EMU.app/embedded.mobileprovision ... 
2023-08-09 18:54:32 +0000  12059 bytes for ./Payload/NES_EMU.app/embedded.mobileprovision
copying file ./Payload/NES_EMU.app/Icon-App-60x60@2x.png ... 
2023-08-09 18:54:32 +0000  21360 bytes for ./Payload/NES_EMU.app/Icon-App-60x60@2x.png
copying file ./Payload/NES_EMU.app/Info.plist ... 
2023-08-09 18:54:32 +0000  1357 bytes for ./Payload/NES_EMU.app/Info.plist
copying file ./Payload/NES_EMU.app/Icon-App-76x76@1x.png ... 
2023-08-09 18:54:32 +0000  9953 bytes for ./Payload/NES_EMU.app/Icon-App-76x76@1x.png
copying file ./Payload/NES_EMU.app/Icon-App-40x40@3x.png ... 
2023-08-09 18:54:32 +0000  21360 bytes for ./Payload/NES_EMU.app/Icon-App-40x40@3x.png
copying file ./Payload/NES_EMU.app/PkgInfo ... 
2023-08-09 18:54:32 +0000  8 bytes for ./Payload/NES_EMU.app/PkgInfo
copying file ./Payload/NES_EMU.app/Icon-App-29x29@2x.png ... 
2023-08-09 18:54:32 +0000  6233 bytes for ./Payload/NES_EMU.app/Icon-App-29x29@2x.png
2023-08-09 18:54:32 +0000 [MT] /usr/bin/ditto exited with 0
2023-08-09 18:54:32 +0000 [MT] Processing step: IDEDistributionAppStoreInformationStep
2023-08-09 18:54:32 +0000 [MT] Skipping step: IDEDistributionAppStoreInformationStep because it said so
2023-08-09 18:54:32 +0000 [MT] Processing step: IDEDistributionGenerateProcessedDistributionItems
2023-08-09 18:54:32 +0000 [MT] IDEDistributionItem init <DVTFilePath:0x7ffe92042880:'/var/folders/8d/6248kkgn015gz2_9v0fnz7jw0000gn/T/XcodeDistPipeline.~~~HNFNZZ/Root/Payload/NES_EMU.app'>
2023-08-09 18:54:32 +0000 [MT] Processing step: IDEDistributionCreateManifestStep
2023-08-09 18:54:32 +0000 [MT] Skipping step: IDEDistributionCreateManifestStep because it said so
